
=== Mon Nov 23 12:23:49 2020

Packages were changed.
Update Mode: updateDependencies

The following packages were updated:
  com.unity.ide.vscode from version 1.2.1 to 1.2.2
  com.unity.test-framework from version 1.1.16 to 1.1.18

=== Wed May 19 22:17:45 2021

Packages were changed.
Update Mode: updateDependencies

The following packages were added:
  com.unity.ide.visualstudio@2.0.7
The following packages were updated:
  com.unity.animation.rigging from version 0.2.7-preview to 1.0.3
  com.unity.cinemachine from version 2.3.4 to 2.5.0
  com.unity.collab-proxy from version 1.2.16 to 1.3.9
  com.unity.ide.rider from version 1.1.4 to 2.0.7
  com.unity.ide.vscode from version 1.2.2 to 1.2.3
  com.unity.render-pipelines.universal from version 7.3.1 to 10.4.0
  com.unity.test-framework from version 1.1.18 to 1.1.24
  com.unity.textmeshpro from version 2.1.1 to 3.0.1
  com.unity.timeline from version 1.2.15 to 1.4.6
